Added Component: Designator=C1_LOW_ESR(1206)
Add component. Clean all parameters for all variants
Add component (AddParameter): Name = "BOM_Manufacturer Part"; Value = ""; VariantName = "[No Variations]"
Add component (AddParameter): Name = "nameAlias"; Value = "Value(F)"; VariantName = "[No Variations]"
Add component (AddParameter): Name = "spicePre"; Value = "C"; VariantName = "[No Variations]"
Add component (AddParameter): Name = "spiceSymbolName"; Value = "Cap_1206_US"; VariantName = "[No Variations]"
Added Component: Designator=C1(1206)
Add component. Clean all parameters for all variants
Add component (AddParameter): Name = "BOM_Manufacturer Part"; Value = ""; VariantName = "[No Variations]"
Add component (AddParameter): Name = "nameAlias"; Value = "Value(F)"; VariantName = "[No Variations]"
Add component (AddParameter): Name = "spicePre"; Value = "C"; VariantName = "[No Variations]"
Add component (AddParameter): Name = "spiceSymbolName"; Value = "Cap_1206_US"; VariantName = "[No Variations]"
Added Component: Designator=C2(1206)
Add component. Clean all parameters for all variants
Add component (AddParameter): Name = "BOM_Manufacturer Part"; Value = ""; VariantName = "[No Variations]"
Add component (AddParameter): Name = "nameAlias"; Value = "Value(F)"; VariantName = "[No Variations]"
Add component (AddParameter): Name = "spicePre"; Value = "C"; VariantName = "[No Variations]"
Add component (AddParameter): Name = "spiceSymbolName"; Value = "Cap_1206_US"; VariantName = "[No Variations]"
Added Component: Designator=C3(1206)
Add component. Clean all parameters for all variants
Add component (AddParameter): Name = "BOM_Manufacturer Part"; Value = ""; VariantName = "[No Variations]"
Add component (AddParameter): Name = "nameAlias"; Value = "Value(F)"; VariantName = "[No Variations]"
Add component (AddParameter): Name = "spicePre"; Value = "C"; VariantName = "[No Variations]"
Add component (AddParameter): Name = "spiceSymbolName"; Value = "Cap_1206_US"; VariantName = "[No Variations]"
Added Component: Designator=C4(1206)
Add component. Clean all parameters for all variants
Add component (AddParameter): Name = "BOM_Manufacturer Part"; Value = ""; VariantName = "[No Variations]"
Add component (AddParameter): Name = "nameAlias"; Value = "Value(F)"; VariantName = "[No Variations]"
Add component (AddParameter): Name = "spicePre"; Value = "C"; VariantName = "[No Variations]"
Add component (AddParameter): Name = "spiceSymbolName"; Value = "Cap_1206_US"; VariantName = "[No Variations]"
Added Component: Designator=C5(1206)
Add component. Clean all parameters for all variants
Add component (AddParameter): Name = "BOM_Manufacturer Part"; Value = ""; VariantName = "[No Variations]"
Add component (AddParameter): Name = "nameAlias"; Value = "Value(F)"; VariantName = "[No Variations]"
Add component (AddParameter): Name = "spicePre"; Value = "C"; VariantName = "[No Variations]"
Add component (AddParameter): Name = "spiceSymbolName"; Value = "Cap_1206_US"; VariantName = "[No Variations]"
Added Component: Designator=C6(1206)
Add component. Clean all parameters for all variants
Add component (AddParameter): Name = "BOM_Manufacturer Part"; Value = ""; VariantName = "[No Variations]"
Add component (AddParameter): Name = "nameAlias"; Value = "Value(F)"; VariantName = "[No Variations]"
Add component (AddParameter): Name = "spicePre"; Value = "C"; VariantName = "[No Variations]"
Add component (AddParameter): Name = "spiceSymbolName"; Value = "Cap_1206_US"; VariantName = "[No Variations]"
Added Component: Designator=R3(1206)
Add component. Clean all parameters for all variants
Add component (AddParameter): Name = "BOM_Manufacturer Part"; Value = ""; VariantName = "[No Variations]"
Add component (AddParameter): Name = "nameAlias"; Value = "Value(O)"; VariantName = "[No Variations]"
Add component (AddParameter): Name = "spicePre"; Value = "R"; VariantName = "[No Variations]"
Add component (AddParameter): Name = "spiceSymbolName"; Value = "Res_1206(1/4W)_US"; VariantName = "[No Variations]"
Added Pin To Net: NetName=+5V Pin=R3-1
Added Net: Name=+5V
Added Net: Name=NetBAROMETER_2
Added Net: Name=NetBAROMETER_4
Added Net: Name=NetBAROMETER_6
Added Pin To Net: NetName=NetC1_LOW_ESR_2 Pin=C1_LOW_ESR-2
Added Net: Name=NetC1_LOW_ESR_2
Added Pin To Net: NetName=NetC5_2 Pin=C5-2
Added Net: Name=NetC5_2
Added Net: Name=NetIMU_7
Added Pin To Net: NetName=NetR3_2 Pin=R3-2
Added Net: Name=NetR3_2
Added Pin To Net: NetName=VCC Pin=C1-2
Added Pin To Net: NetName=VCC Pin=C2-1
Added Pin To Net: NetName=VCC Pin=C3-2
Added Pin To Net: NetName=VCC Pin=C4-2
Added Pin To Net: NetName=VCC Pin=C6-1
Added Net: Name=VCC
Change Class Name : Old Net Name=HAB_Radio New Net Name=RasPi_Hat_Temp
Added Class: Name=sensor_board
Added Room: Name=RasPi_Hat_Temp
Added Room: Name=sensor_board
