Removed Pin From Net: NetName=NetC19_2 Pin=L1-1
Removed Pin From Net: NetName=NetC20_1 Pin=L1-2
Removed Pin From Net: NetName=NetC19_2 Pin=L2-1
Removed Pin From Net: NetName=NetC20_2 Pin=L2-2
Removed Pin From Net: NetName=NetC20_2 Pin=L3-1
Removed Pin From Net: NetName=GND Pin=L3-2
Removed Pin From Net: NetName=NetC23_1 Pin=L4-1
Removed Pin From Net: NetName=NetC21_2 Pin=L4-2
Removed Pin From Net: NetName=NetC21_2 Pin=L5-1
Removed Pin From Net: NetName=NetC22_1 Pin=L5-2
Removed Pin From Net: NetName=NetC22_1 Pin=L6-1
Removed Pin From Net: NetName=NetC22_2 Pin=L6-2
Removed Pin From Net: NetName=NetC23_2 Pin=L7-1
Removed Pin From Net: NetName=NetC26_1 Pin=L7-2
Change Component Footprint: Designator=L1 Old Footprint=0402-A New Footprint=LQW15AN80
Change Component Footprint: Designator=L3 Old Footprint=0402-A New Footprint=LQW15AN80
Change Component Footprint: Designator=L4 Old Footprint=0402-A New Footprint=LQW15AN80
Change Component Footprint: Designator=L5 Old Footprint=0402-A New Footprint=LQW15AN80
Change Component Footprint: Designator=L6 Old Footprint=0402-A New Footprint=LQW15AN80
Change Component Footprint: Designator=L2 Old Footprint=0402-A New Footprint=LQW15AW80
Change Component Footprint: Designator=L7 Old Footprint=0402-A New Footprint=LQW15AW80
Change Component Comment : Designator=C24 Old Comment=5.1pF New Comment=2.2pF
Change Component Comment : Designator=C25 Old Comment=5.1pF New Comment=6.2pF
Change Component Comment : Designator=C27 Old Comment=5.1pF New Comment=10nF
Change Component Comment : Designator=C23 Old Comment=5.1pF New Comment=39pF
Change Component Comment : Designator=C26 Old Comment=5.1pF New Comment=56pF
Change Component Comment : Designator=C28 Old Comment=5.1pF New Comment=100pF
Change Component Comment : Designator=C22 Old Comment=5.1pF New Comment=DNM
Change Component Comment : Designator=L1 Old Comment=Inductor New Comment=Component_1
Change Component Comment : Designator=L2 Old Comment=Inductor New Comment=Component_1
Change Component Comment : Designator=L3 Old Comment=Inductor New Comment=Component_1
Change Component Comment : Designator=L4 Old Comment=Inductor New Comment=Component_1
Change Component Comment : Designator=L5 Old Comment=Inductor New Comment=Component_1
Change Component Comment : Designator=L6 Old Comment=Inductor New Comment=Component_1
Change Component Comment : Designator=L7 Old Comment=Inductor New Comment=Component_1
Change component parameters: Designator = "C22"; Footprint = "SMD-0402C"; UniqueID = "\YIPSCFAS"
Change component parameters. Clean all parameters for all variants
Change component parameters (AddParameter): Name = "@ qty"; Value = "0"; VariantName = "[No Variations]"
Change component parameters (AddParameter): Name = "Applications"; Value = "Automotive"; VariantName = "[No Variations]"
Change component parameters (AddParameter): Name = "Datasheets"; Value = "http://www.murata.com/~/media/webrenewal/support/library/catalog/products/capacitor/mlcc/c03e.ashx"; VariantName = "[No Variations]"
Change component parameters (AddParameter): Name = "Digi-Key Part Number"; Value = "490-13409-1-ND"; VariantName = "[No Variations]"
Change component parameters (AddParameter): Name = "Factory Stock"; Value = "0"; VariantName = "[No Variations]"
Change component parameters (AddParameter): Name = "Features"; Value = "-"; VariantName = "[No Variations]"
Change component parameters (AddParameter): Name = "Height - Seated (Max)"; Value = "-"; VariantName = "[No Variations]"
Change component parameters (AddParameter): Name = "Image"; Value = "//media.digikey.com/Renders/Murata%20Renders/ZRB-SERIES-0402.jpg"; VariantName = "[No Variations]"
Change component parameters (AddParameter): Name = "Lead Spacing"; Value = "-"; VariantName = "[No Variations]"
Change component parameters (AddParameter): Name = "Lead Style"; Value = "-"; VariantName = "[No Variations]"
Change component parameters (AddParameter): Name = "Manufacturer"; Value = "Murata Electronics North America"; VariantName = "[No Variations]"
Change component parameters (AddParameter): Name = "Minimum Quantity"; Value = "1"; VariantName = "[No Variations]"
Change component parameters (AddParameter): Name = "Mounting Type"; Value = "Surface Mount, MLCC"; VariantName = "[No Variations]"
Change component parameters (AddParameter): Name = "Operating Temperature"; Value = "-55°C ~ 125°C"; VariantName = "[No Variations]"
Change component parameters (AddParameter): Name = "Package / Case"; Value = "0402 (1005 Metric)"; VariantName = "[No Variations]"
Change component parameters (AddParameter): Name = "Packaging"; Value = "Cut Tape (CT)"; VariantName = "[No Variations]"
Change component parameters (AddParameter): Name = "Part Number"; Value = "GCM155C71A105KE38D"; VariantName = "[No Variations]"
Change component parameters (AddParameter): Name = "Part Status"; Value = "Active"; VariantName = "[No Variations]"
Change component parameters (AddParameter): Name = "Quantity Available"; Value = "7240"; VariantName = "[No Variations]"
Change component parameters (AddParameter): Name = "Ratings"; Value = "AEC-Q200"; VariantName = "[No Variations]"
Change component parameters (AddParameter): Name = "Series"; Value = "GCM"; VariantName = "[No Variations]"
Change component parameters (AddParameter): Name = "Size / Dimension"; Value = "0.039" L x 0.020" W (1.00mm x 0.50mm)"; VariantName = "[No Variations]"
Change component parameters (AddParameter): Name = "Temperature Coefficient"; Value = "X7S"; VariantName = "[No Variations]"
Change component parameters (AddParameter): Name = "Thickness (Max)"; Value = "0.022" (0.55mm)"; VariantName = "[No Variations]"
Change component parameters (AddParameter): Name = "Tolerance"; Value = "±10%"; VariantName = "[No Variations]"
Change component parameters (AddParameter): Name = "Unit Price (USD)"; Value = "0.12"; VariantName = "[No Variations]"
Change component parameters (AddParameter): Name = "Value"; Value = "DNM"; VariantName = "[No Variations]"
Change component parameters (AddParameter): Name = "Voltage"; Value = "10V"; VariantName = "[No Variations]"
Change component parameters: Designator = "C23"; Footprint = "SMD-0402C"; UniqueID = "\WDERKVMK"
Change component parameters. Clean all parameters for all variants
Change component parameters (AddParameter): Name = "@ qty"; Value = "0"; VariantName = "[No Variations]"
Change component parameters (AddParameter): Name = "Applications"; Value = "Automotive"; VariantName = "[No Variations]"
Change component parameters (AddParameter): Name = "Datasheets"; Value = "http://www.murata.com/~/media/webrenewal/support/library/catalog/products/capacitor/mlcc/c03e.ashx"; VariantName = "[No Variations]"
Change component parameters (AddParameter): Name = "Digi-Key Part Number"; Value = "490-13409-1-ND"; VariantName = "[No Variations]"
Change component parameters (AddParameter): Name = "Factory Stock"; Value = "0"; VariantName = "[No Variations]"
Change component parameters (AddParameter): Name = "Features"; Value = "-"; VariantName = "[No Variations]"
Change component parameters (AddParameter): Name = "Height - Seated (Max)"; Value = "-"; VariantName = "[No Variations]"
Change component parameters (AddParameter): Name = "Image"; Value = "//media.digikey.com/Renders/Murata%20Renders/ZRB-SERIES-0402.jpg"; VariantName = "[No Variations]"
Change component parameters (AddParameter): Name = "Lead Spacing"; Value = "-"; VariantName = "[No Variations]"
Change component parameters (AddParameter): Name = "Lead Style"; Value = "-"; VariantName = "[No Variations]"
Change component parameters (AddParameter): Name = "Manufacturer"; Value = "Murata Electronics North America"; VariantName = "[No Variations]"
Change component parameters (AddParameter): Name = "Minimum Quantity"; Value = "1"; VariantName = "[No Variations]"
Change component parameters (AddParameter): Name = "Mounting Type"; Value = "Surface Mount, MLCC"; VariantName = "[No Variations]"
Change component parameters (AddParameter): Name = "Operating Temperature"; Value = "-55°C ~ 125°C"; VariantName = "[No Variations]"
Change component parameters (AddParameter): Name = "Package / Case"; Value = "0402 (1005 Metric)"; VariantName = "[No Variations]"
Change component parameters (AddParameter): Name = "Packaging"; Value = "Cut Tape (CT)"; VariantName = "[No Variations]"
Change component parameters (AddParameter): Name = "Part Number"; Value = "GCM155C71A105KE38D"; VariantName = "[No Variations]"
Change component parameters (AddParameter): Name = "Part Status"; Value = "Active"; VariantName = "[No Variations]"
Change component parameters (AddParameter): Name = "Quantity Available"; Value = "7240"; VariantName = "[No Variations]"
Change component parameters (AddParameter): Name = "Ratings"; Value = "AEC-Q200"; VariantName = "[No Variations]"
Change component parameters (AddParameter): Name = "Series"; Value = "GCM"; VariantName = "[No Variations]"
Change component parameters (AddParameter): Name = "Size / Dimension"; Value = "0.039" L x 0.020" W (1.00mm x 0.50mm)"; VariantName = "[No Variations]"
Change component parameters (AddParameter): Name = "Temperature Coefficient"; Value = "X7S"; VariantName = "[No Variations]"
Change component parameters (AddParameter): Name = "Thickness (Max)"; Value = "0.022" (0.55mm)"; VariantName = "[No Variations]"
Change component parameters (AddParameter): Name = "Tolerance"; Value = "±10%"; VariantName = "[No Variations]"
Change component parameters (AddParameter): Name = "Unit Price (USD)"; Value = "0.12"; VariantName = "[No Variations]"
Change component parameters (AddParameter): Name = "Value"; Value = "39pF"; VariantName = "[No Variations]"
Change component parameters (AddParameter): Name = "Voltage"; Value = "10V"; VariantName = "[No Variations]"
Change component parameters: Designator = "C24"; Footprint = "SMD-0402C"; UniqueID = "\SYIVSGEJ"
Change component parameters. Clean all parameters for all variants
Change component parameters (AddParameter): Name = "@ qty"; Value = "0"; VariantName = "[No Variations]"
Change component parameters (AddParameter): Name = "Applications"; Value = "Automotive"; VariantName = "[No Variations]"
Change component parameters (AddParameter): Name = "Datasheets"; Value = "http://www.murata.com/~/media/webrenewal/support/library/catalog/products/capacitor/mlcc/c03e.ashx"; VariantName = "[No Variations]"
Change component parameters (AddParameter): Name = "Digi-Key Part Number"; Value = "490-13409-1-ND"; VariantName = "[No Variations]"
Change component parameters (AddParameter): Name = "Factory Stock"; Value = "0"; VariantName = "[No Variations]"
Change component parameters (AddParameter): Name = "Features"; Value = "-"; VariantName = "[No Variations]"
Change component parameters (AddParameter): Name = "Height - Seated (Max)"; Value = "-"; VariantName = "[No Variations]"
Change component parameters (AddParameter): Name = "Image"; Value = "//media.digikey.com/Renders/Murata%20Renders/ZRB-SERIES-0402.jpg"; VariantName = "[No Variations]"
Change component parameters (AddParameter): Name = "Lead Spacing"; Value = "-"; VariantName = "[No Variations]"
Change component parameters (AddParameter): Name = "Lead Style"; Value = "-"; VariantName = "[No Variations]"
Change component parameters (AddParameter): Name = "Manufacturer"; Value = "Murata Electronics North America"; VariantName = "[No Variations]"
Change component parameters (AddParameter): Name = "Minimum Quantity"; Value = "1"; VariantName = "[No Variations]"
Change component parameters (AddParameter): Name = "Mounting Type"; Value = "Surface Mount, MLCC"; VariantName = "[No Variations]"
Change component parameters (AddParameter): Name = "Operating Temperature"; Value = "-55°C ~ 125°C"; VariantName = "[No Variations]"
Change component parameters (AddParameter): Name = "Package / Case"; Value = "0402 (1005 Metric)"; VariantName = "[No Variations]"
Change component parameters (AddParameter): Name = "Packaging"; Value = "Cut Tape (CT)"; VariantName = "[No Variations]"
Change component parameters (AddParameter): Name = "Part Number"; Value = "GCM155C71A105KE38D"; VariantName = "[No Variations]"
Change component parameters (AddParameter): Name = "Part Status"; Value = "Active"; VariantName = "[No Variations]"
Change component parameters (AddParameter): Name = "Quantity Available"; Value = "7240"; VariantName = "[No Variations]"
Change component parameters (AddParameter): Name = "Ratings"; Value = "AEC-Q200"; VariantName = "[No Variations]"
Change component parameters (AddParameter): Name = "Series"; Value = "GCM"; VariantName = "[No Variations]"
Change component parameters (AddParameter): Name = "Size / Dimension"; Value = "0.039" L x 0.020" W (1.00mm x 0.50mm)"; VariantName = "[No Variations]"
Change component parameters (AddParameter): Name = "Temperature Coefficient"; Value = "X7S"; VariantName = "[No Variations]"
Change component parameters (AddParameter): Name = "Thickness (Max)"; Value = "0.022" (0.55mm)"; VariantName = "[No Variations]"
Change component parameters (AddParameter): Name = "Tolerance"; Value = "±10%"; VariantName = "[No Variations]"
Change component parameters (AddParameter): Name = "Unit Price (USD)"; Value = "0.12"; VariantName = "[No Variations]"
Change component parameters (AddParameter): Name = "Value"; Value = "2.2pF"; VariantName = "[No Variations]"
Change component parameters (AddParameter): Name = "Voltage"; Value = "10V"; VariantName = "[No Variations]"
Change component parameters: Designator = "C25"; Footprint = "SMD-0402C"; UniqueID = "\MVPYGLQV"
Change component parameters. Clean all parameters for all variants
Change component parameters (AddParameter): Name = "@ qty"; Value = "0"; VariantName = "[No Variations]"
Change component parameters (AddParameter): Name = "Applications"; Value = "Automotive"; VariantName = "[No Variations]"
Change component parameters (AddParameter): Name = "Datasheets"; Value = "http://www.murata.com/~/media/webrenewal/support/library/catalog/products/capacitor/mlcc/c03e.ashx"; VariantName = "[No Variations]"
Change component parameters (AddParameter): Name = "Digi-Key Part Number"; Value = "490-13409-1-ND"; VariantName = "[No Variations]"
Change component parameters (AddParameter): Name = "Factory Stock"; Value = "0"; VariantName = "[No Variations]"
Change component parameters (AddParameter): Name = "Features"; Value = "-"; VariantName = "[No Variations]"
Change component parameters (AddParameter): Name = "Height - Seated (Max)"; Value = "-"; VariantName = "[No Variations]"
Change component parameters (AddParameter): Name = "Image"; Value = "//media.digikey.com/Renders/Murata%20Renders/ZRB-SERIES-0402.jpg"; VariantName = "[No Variations]"
Change component parameters (AddParameter): Name = "Lead Spacing"; Value = "-"; VariantName = "[No Variations]"
Change component parameters (AddParameter): Name = "Lead Style"; Value = "-"; VariantName = "[No Variations]"
Change component parameters (AddParameter): Name = "Manufacturer"; Value = "Murata Electronics North America"; VariantName = "[No Variations]"
Change component parameters (AddParameter): Name = "Minimum Quantity"; Value = "1"; VariantName = "[No Variations]"
Change component parameters (AddParameter): Name = "Mounting Type"; Value = "Surface Mount, MLCC"; VariantName = "[No Variations]"
Change component parameters (AddParameter): Name = "Operating Temperature"; Value = "-55°C ~ 125°C"; VariantName = "[No Variations]"
Change component parameters (AddParameter): Name = "Package / Case"; Value = "0402 (1005 Metric)"; VariantName = "[No Variations]"
Change component parameters (AddParameter): Name = "Packaging"; Value = "Cut Tape (CT)"; VariantName = "[No Variations]"
Change component parameters (AddParameter): Name = "Part Number"; Value = "GCM155C71A105KE38D"; VariantName = "[No Variations]"
Change component parameters (AddParameter): Name = "Part Status"; Value = "Active"; VariantName = "[No Variations]"
Change component parameters (AddParameter): Name = "Quantity Available"; Value = "7240"; VariantName = "[No Variations]"
Change component parameters (AddParameter): Name = "Ratings"; Value = "AEC-Q200"; VariantName = "[No Variations]"
Change component parameters (AddParameter): Name = "Series"; Value = "GCM"; VariantName = "[No Variations]"
Change component parameters (AddParameter): Name = "Size / Dimension"; Value = "0.039" L x 0.020" W (1.00mm x 0.50mm)"; VariantName = "[No Variations]"
Change component parameters (AddParameter): Name = "Temperature Coefficient"; Value = "X7S"; VariantName = "[No Variations]"
Change component parameters (AddParameter): Name = "Thickness (Max)"; Value = "0.022" (0.55mm)"; VariantName = "[No Variations]"
Change component parameters (AddParameter): Name = "Tolerance"; Value = "±10%"; VariantName = "[No Variations]"
Change component parameters (AddParameter): Name = "Unit Price (USD)"; Value = "0.12"; VariantName = "[No Variations]"
Change component parameters (AddParameter): Name = "Value"; Value = "6.2pF"; VariantName = "[No Variations]"
Change component parameters (AddParameter): Name = "Voltage"; Value = "10V"; VariantName = "[No Variations]"
Change component parameters: Designator = "C26"; Footprint = "SMD-0402C"; UniqueID = "\NYPTVCRW"
Change component parameters. Clean all parameters for all variants
Change component parameters (AddParameter): Name = "@ qty"; Value = "0"; VariantName = "[No Variations]"
Change component parameters (AddParameter): Name = "Applications"; Value = "Automotive"; VariantName = "[No Variations]"
Change component parameters (AddParameter): Name = "Datasheets"; Value = "http://www.murata.com/~/media/webrenewal/support/library/catalog/products/capacitor/mlcc/c03e.ashx"; VariantName = "[No Variations]"
Change component parameters (AddParameter): Name = "Digi-Key Part Number"; Value = "490-13409-1-ND"; VariantName = "[No Variations]"
Change component parameters (AddParameter): Name = "Factory Stock"; Value = "0"; VariantName = "[No Variations]"
Change component parameters (AddParameter): Name = "Features"; Value = "-"; VariantName = "[No Variations]"
Change component parameters (AddParameter): Name = "Height - Seated (Max)"; Value = "-"; VariantName = "[No Variations]"
Change component parameters (AddParameter): Name = "Image"; Value = "//media.digikey.com/Renders/Murata%20Renders/ZRB-SERIES-0402.jpg"; VariantName = "[No Variations]"
Change component parameters (AddParameter): Name = "Lead Spacing"; Value = "-"; VariantName = "[No Variations]"
Change component parameters (AddParameter): Name = "Lead Style"; Value = "-"; VariantName = "[No Variations]"
Change component parameters (AddParameter): Name = "Manufacturer"; Value = "Murata Electronics North America"; VariantName = "[No Variations]"
Change component parameters (AddParameter): Name = "Minimum Quantity"; Value = "1"; VariantName = "[No Variations]"
Change component parameters (AddParameter): Name = "Mounting Type"; Value = "Surface Mount, MLCC"; VariantName = "[No Variations]"
Change component parameters (AddParameter): Name = "Operating Temperature"; Value = "-55°C ~ 125°C"; VariantName = "[No Variations]"
Change component parameters (AddParameter): Name = "Package / Case"; Value = "0402 (1005 Metric)"; VariantName = "[No Variations]"
Change component parameters (AddParameter): Name = "Packaging"; Value = "Cut Tape (CT)"; VariantName = "[No Variations]"
Change component parameters (AddParameter): Name = "Part Number"; Value = "GCM155C71A105KE38D"; VariantName = "[No Variations]"
Change component parameters (AddParameter): Name = "Part Status"; Value = "Active"; VariantName = "[No Variations]"
Change component parameters (AddParameter): Name = "Quantity Available"; Value = "7240"; VariantName = "[No Variations]"
Change component parameters (AddParameter): Name = "Ratings"; Value = "AEC-Q200"; VariantName = "[No Variations]"
Change component parameters (AddParameter): Name = "Series"; Value = "GCM"; VariantName = "[No Variations]"
Change component parameters (AddParameter): Name = "Size / Dimension"; Value = "0.039" L x 0.020" W (1.00mm x 0.50mm)"; VariantName = "[No Variations]"
Change component parameters (AddParameter): Name = "Temperature Coefficient"; Value = "X7S"; VariantName = "[No Variations]"
Change component parameters (AddParameter): Name = "Thickness (Max)"; Value = "0.022" (0.55mm)"; VariantName = "[No Variations]"
Change component parameters (AddParameter): Name = "Tolerance"; Value = "±10%"; VariantName = "[No Variations]"
Change component parameters (AddParameter): Name = "Unit Price (USD)"; Value = "0.12"; VariantName = "[No Variations]"
Change component parameters (AddParameter): Name = "Value"; Value = "56pF"; VariantName = "[No Variations]"
Change component parameters (AddParameter): Name = "Voltage"; Value = "10V"; VariantName = "[No Variations]"
Change component parameters: Designator = "C27"; Footprint = "SMD-0402C"; UniqueID = "\MQSRTYHK"
Change component parameters. Clean all parameters for all variants
Change component parameters (AddParameter): Name = "@ qty"; Value = "0"; VariantName = "[No Variations]"
Change component parameters (AddParameter): Name = "Applications"; Value = "Automotive"; VariantName = "[No Variations]"
Change component parameters (AddParameter): Name = "Datasheets"; Value = "http://www.murata.com/~/media/webrenewal/support/library/catalog/products/capacitor/mlcc/c03e.ashx"; VariantName = "[No Variations]"
Change component parameters (AddParameter): Name = "Digi-Key Part Number"; Value = "490-13409-1-ND"; VariantName = "[No Variations]"
Change component parameters (AddParameter): Name = "Factory Stock"; Value = "0"; VariantName = "[No Variations]"
Change component parameters (AddParameter): Name = "Features"; Value = "-"; VariantName = "[No Variations]"
Change component parameters (AddParameter): Name = "Height - Seated (Max)"; Value = "-"; VariantName = "[No Variations]"
Change component parameters (AddParameter): Name = "Image"; Value = "//media.digikey.com/Renders/Murata%20Renders/ZRB-SERIES-0402.jpg"; VariantName = "[No Variations]"
Change component parameters (AddParameter): Name = "Lead Spacing"; Value = "-"; VariantName = "[No Variations]"
Change component parameters (AddParameter): Name = "Lead Style"; Value = "-"; VariantName = "[No Variations]"
Change component parameters (AddParameter): Name = "Manufacturer"; Value = "Murata Electronics North America"; VariantName = "[No Variations]"
Change component parameters (AddParameter): Name = "Minimum Quantity"; Value = "1"; VariantName = "[No Variations]"
Change component parameters (AddParameter): Name = "Mounting Type"; Value = "Surface Mount, MLCC"; VariantName = "[No Variations]"
Change component parameters (AddParameter): Name = "Operating Temperature"; Value = "-55°C ~ 125°C"; VariantName = "[No Variations]"
Change component parameters (AddParameter): Name = "Package / Case"; Value = "0402 (1005 Metric)"; VariantName = "[No Variations]"
Change component parameters (AddParameter): Name = "Packaging"; Value = "Cut Tape (CT)"; VariantName = "[No Variations]"
Change component parameters (AddParameter): Name = "Part Number"; Value = "GCM155C71A105KE38D"; VariantName = "[No Variations]"
Change component parameters (AddParameter): Name = "Part Status"; Value = "Active"; VariantName = "[No Variations]"
Change component parameters (AddParameter): Name = "Quantity Available"; Value = "7240"; VariantName = "[No Variations]"
Change component parameters (AddParameter): Name = "Ratings"; Value = "AEC-Q200"; VariantName = "[No Variations]"
Change component parameters (AddParameter): Name = "Series"; Value = "GCM"; VariantName = "[No Variations]"
Change component parameters (AddParameter): Name = "Size / Dimension"; Value = "0.039" L x 0.020" W (1.00mm x 0.50mm)"; VariantName = "[No Variations]"
Change component parameters (AddParameter): Name = "Temperature Coefficient"; Value = "X7S"; VariantName = "[No Variations]"
Change component parameters (AddParameter): Name = "Thickness (Max)"; Value = "0.022" (0.55mm)"; VariantName = "[No Variations]"
Change component parameters (AddParameter): Name = "Tolerance"; Value = "±10%"; VariantName = "[No Variations]"
Change component parameters (AddParameter): Name = "Unit Price (USD)"; Value = "0.12"; VariantName = "[No Variations]"
Change component parameters (AddParameter): Name = "Value"; Value = "10nF"; VariantName = "[No Variations]"
Change component parameters (AddParameter): Name = "Voltage"; Value = "10V"; VariantName = "[No Variations]"
Change component parameters: Designator = "C28"; Footprint = "SMD-0402C"; UniqueID = "\HMORJAOV"
Change component parameters. Clean all parameters for all variants
Change component parameters (AddParameter): Name = "@ qty"; Value = "0"; VariantName = "[No Variations]"
Change component parameters (AddParameter): Name = "Applications"; Value = "Automotive"; VariantName = "[No Variations]"
Change component parameters (AddParameter): Name = "Datasheets"; Value = "http://www.murata.com/~/media/webrenewal/support/library/catalog/products/capacitor/mlcc/c03e.ashx"; VariantName = "[No Variations]"
Change component parameters (AddParameter): Name = "Digi-Key Part Number"; Value = "490-13409-1-ND"; VariantName = "[No Variations]"
Change component parameters (AddParameter): Name = "Factory Stock"; Value = "0"; VariantName = "[No Variations]"
Change component parameters (AddParameter): Name = "Features"; Value = "-"; VariantName = "[No Variations]"
Change component parameters (AddParameter): Name = "Height - Seated (Max)"; Value = "-"; VariantName = "[No Variations]"
Change component parameters (AddParameter): Name = "Image"; Value = "//media.digikey.com/Renders/Murata%20Renders/ZRB-SERIES-0402.jpg"; VariantName = "[No Variations]"
Change component parameters (AddParameter): Name = "Lead Spacing"; Value = "-"; VariantName = "[No Variations]"
Change component parameters (AddParameter): Name = "Lead Style"; Value = "-"; VariantName = "[No Variations]"
Change component parameters (AddParameter): Name = "Manufacturer"; Value = "Murata Electronics North America"; VariantName = "[No Variations]"
Change component parameters (AddParameter): Name = "Minimum Quantity"; Value = "1"; VariantName = "[No Variations]"
Change component parameters (AddParameter): Name = "Mounting Type"; Value = "Surface Mount, MLCC"; VariantName = "[No Variations]"
Change component parameters (AddParameter): Name = "Operating Temperature"; Value = "-55°C ~ 125°C"; VariantName = "[No Variations]"
Change component parameters (AddParameter): Name = "Package / Case"; Value = "0402 (1005 Metric)"; VariantName = "[No Variations]"
Change component parameters (AddParameter): Name = "Packaging"; Value = "Cut Tape (CT)"; VariantName = "[No Variations]"
Change component parameters (AddParameter): Name = "Part Number"; Value = "GCM155C71A105KE38D"; VariantName = "[No Variations]"
Change component parameters (AddParameter): Name = "Part Status"; Value = "Active"; VariantName = "[No Variations]"
Change component parameters (AddParameter): Name = "Quantity Available"; Value = "7240"; VariantName = "[No Variations]"
Change component parameters (AddParameter): Name = "Ratings"; Value = "AEC-Q200"; VariantName = "[No Variations]"
Change component parameters (AddParameter): Name = "Series"; Value = "GCM"; VariantName = "[No Variations]"
Change component parameters (AddParameter): Name = "Size / Dimension"; Value = "0.039" L x 0.020" W (1.00mm x 0.50mm)"; VariantName = "[No Variations]"
Change component parameters (AddParameter): Name = "Temperature Coefficient"; Value = "X7S"; VariantName = "[No Variations]"
Change component parameters (AddParameter): Name = "Thickness (Max)"; Value = "0.022" (0.55mm)"; VariantName = "[No Variations]"
Change component parameters (AddParameter): Name = "Tolerance"; Value = "±10%"; VariantName = "[No Variations]"
Change component parameters (AddParameter): Name = "Unit Price (USD)"; Value = "0.12"; VariantName = "[No Variations]"
Change component parameters (AddParameter): Name = "Value"; Value = "100pF"; VariantName = "[No Variations]"
Change component parameters (AddParameter): Name = "Voltage"; Value = "10V"; VariantName = "[No Variations]"
Change component parameters: Designator = "R9"; Footprint = "2-0402"; UniqueID = "\CDLUKBJK"
Change component parameters. Clean all parameters for all variants
Change component parameters (AddParameter): Name = "Code_IPC"; Value = "1005 [0402]"; VariantName = "[No Variations]"
Change component parameters (AddParameter): Name = "ComponentLink1Description"; Value = "Manufacturer Link"; VariantName = "[No Variations]"
Change component parameters (AddParameter): Name = "ComponentLink1URL"; Value = "http://www.panasonic.com/industrial/components/resistive_products.htm"; VariantName = "[No Variations]"
Change component parameters (AddParameter): Name = "ComponentLink2Description"; Value = "Datasheet"; VariantName = "[No Variations]"
Change component parameters (AddParameter): Name = "ComponentLink2URL"; Value = "http://www.panasonic.com/industrial/components/pdf/AOA0000CE1.pdf"; VariantName = "[No Variations]"
Change component parameters (AddParameter): Name = "LatestRevisionDate"; Value = "19-Mar-2004"; VariantName = "[No Variations]"
Change component parameters (AddParameter): Name = "LatestRevisionNote"; Value = "Silkscreen size reduced."; VariantName = "[No Variations]"
Change component parameters (AddParameter): Name = "Note"; Value = "If flow soldering, adjust pad width of PCB Footprint to 0.7 - 0.8 times the width of the resistor."; VariantName = "[No Variations]"
Change component parameters (AddParameter): Name = "PackageDocument"; Value = "Mar-2003"; VariantName = "[No Variations]"
Change component parameters (AddParameter): Name = "PackageReference"; Value = "2-0402"; VariantName = "[No Variations]"
Change component parameters (AddParameter): Name = "Published"; Value = "17-Dec-2003"; VariantName = "[No Variations]"
Change component parameters (AddParameter): Name = "Publisher"; Value = "Altium Limited"; VariantName = "[No Variations]"
Change component parameters (AddParameter): Name = "VALUE"; Value = "18"; VariantName = "[No Variations]"
Change component parameters: Designator = "L1"; Footprint = "LQW15AN80"; UniqueID = "\WBAESEEX"
Change component parameters. Clean all parameters for all variants
Change component parameters (AddParameter): Name = ""; Value = "27nH"; VariantName = "[No Variations]"
Change component parameters: Designator = "L2"; Footprint = "LQW15AW80"; UniqueID = "\UXSIJYPU"
Change component parameters. Clean all parameters for all variants
Change component parameters (AddParameter): Name = ""; Value = "56nH"; VariantName = "[No Variations]"
Change component parameters: Designator = "L3"; Footprint = "LQW15AN80"; UniqueID = "\IFLXFCDQ"
Change component parameters. Clean all parameters for all variants
Change component parameters (AddParameter): Name = ""; Value = "27nH"; VariantName = "[No Variations]"
Change component parameters: Designator = "L4"; Footprint = "LQW15AN80"; UniqueID = "\FCPGOSCD"
Change component parameters. Clean all parameters for all variants
Change component parameters (AddParameter): Name = ""; Value = "15nH"; VariantName = "[No Variations]"
Change component parameters: Designator = "L5"; Footprint = "LQW15AN80"; UniqueID = "\CEDGAUPK"
Change component parameters. Clean all parameters for all variants
Change component parameters (AddParameter): Name = ""; Value = "43nH"; VariantName = "[No Variations]"
Change component parameters: Designator = "L6"; Footprint = "LQW15AN80"; UniqueID = "\NRNHWIRH"
Change component parameters. Clean all parameters for all variants
Change component parameters (AddParameter): Name = ""; Value = "22nH"; VariantName = "[No Variations]"
Change component parameters: Designator = "L7"; Footprint = "LQW15AW80"; UniqueID = "\NWCXILOT"
Change component parameters. Clean all parameters for all variants
Change component parameters (AddParameter): Name = ""; Value = "56nH"; VariantName = "[No Variations]"
Added Pin To Net: NetName=NetC20_1 Pin=L1-1
Added Pin To Net: NetName=NetC19_2 Pin=L1-2
Added Pin To Net: NetName=NetC20_2 Pin=L2-1
Added Pin To Net: NetName=NetC19_2 Pin=L2-2
Added Pin To Net: NetName=GND Pin=L3-1
Added Pin To Net: NetName=NetC20_2 Pin=L3-2
Added Pin To Net: NetName=NetC21_2 Pin=L4-1
Added Pin To Net: NetName=NetC23_1 Pin=L4-2
Added Pin To Net: NetName=NetC22_1 Pin=L5-1
Added Pin To Net: NetName=NetC21_2 Pin=L5-2
Added Pin To Net: NetName=NetC22_2 Pin=L6-1
Added Pin To Net: NetName=NetC22_1 Pin=L6-2
Added Pin To Net: NetName=NetC26_1 Pin=L7-1
Added Pin To Net: NetName=NetC23_2 Pin=L7-2
