Added Component: Designator=S1(DIP-4)
Add component. Clean all parameters for all variants
Add component (AddParameter): Name = "LatestRevisionDate"; Value = "17-Jul-2002"; VariantName = "[No Variations]"
Add component (AddParameter): Name = "LatestRevisionNote"; Value = "Re-released for DXP Platform."; VariantName = "[No Variations]"
Add component (AddParameter): Name = "PackageReference"; Value = "DIP-4"; VariantName = "[No Variations]"
Add component (AddParameter): Name = "Published"; Value = "24-Mar-1999"; VariantName = "[No Variations]"
Add component (AddParameter): Name = "Publisher"; Value = "Altium Limited"; VariantName = "[No Variations]"
Added Pin To Net: NetName=GND Pin=P1-1
Added Pin To Net: NetName=GPIO2 Pin=P1-3
Added Pin To Net: NetName=GPIO0 Pin=P1-4
Added Pin To Net: NetName=CSn Pin=P1-5
Added Pin To Net: NetName=SCK Pin=P1-6
Added Pin To Net: NetName=RSTn_37 Pin=P1-7
Added Pin To Net: NetName=MOSI Pin=P1-8
Added Pin To Net: NetName=MISO Pin=P1-10
Added Pin To Net: NetName=VREG Pin=S1-1
Added Pin To Net: NetName=VREG Pin=S1-2
Added Pin To Net: NetName=SW1 Pin=P1-2
Added Pin To Net: NetName=SW1 Pin=S1-4
Added Net: Name=SW1
Added Pin To Net: NetName=SW2 Pin=P1-9
Added Pin To Net: NetName=SW2 Pin=S1-3
Added Net: Name=SW2
Added Member To Class: ClassName=Radio Member=Component S1 SW DIP-2
