Added Pin To Net: NetName=5V Pin=C1-1
Added Pin To Net: NetName=GND Pin=C1-2
Added Pin To Net: NetName=GND Pin=C2-2
Added Pin To Net: NetName=GND Pin=C3-1
Added Pin To Net: NetName=GND Pin=C4-1
Added Pin To Net: NetName=GND Pin=C5-1
Added Pin To Net: NetName=GND Pin=C6-2
Added Pin To Net: NetName=GND Pin=C7-2
Added Pin To Net: NetName=GND Pin=C8-2
Added Pin To Net: NetName=GND Pin=C9-1
Added Pin To Net: NetName=GND Pin=C10-2
Added Pin To Net: NetName=GND Pin=C11-2
Added Pin To Net: NetName=GND Pin=C12-1
Added Pin To Net: NetName=GND Pin=C13-2
Added Pin To Net: NetName=GND Pin=C14-2
Added Pin To Net: NetName=GND Pin=C17-1
Added Pin To Net: NetName=GND Pin=C18-1
Added Pin To Net: NetName=GND Pin=C19-2
Added Pin To Net: NetName=GND Pin=C25-1
Added Pin To Net: NetName=GND Pin=C27-2
Added Pin To Net: NetName=GND Pin=C28-1
Added Pin To Net: NetName=GND Pin=C29-1
Added Pin To Net: NetName=GND Pin=C30-2
Added Pin To Net: NetName=5V Pin=C31-1
Added Pin To Net: NetName=GND Pin=C31-2
Added Pin To Net: NetName=GND Pin=C32-2
Added Pin To Net: NetName=GND Pin=C33-2
Added Pin To Net: NetName=GND Pin=C34-2
Added Pin To Net: NetName=GND Pin=C35-1
Added Pin To Net: NetName=GND Pin=C36-1
Added Pin To Net: NetName=GND Pin=J1-2
Added Pin To Net: NetName=GND Pin=J1-2
Added Pin To Net: NetName=GND Pin=J1-2
Added Pin To Net: NetName=GND Pin=J1-2
Added Pin To Net: NetName=GND Pin=L3-1
Added Pin To Net: NetName=GND Pin=P1-1
Added Pin To Net: NetName=19 Pin=Q1-1
Added Pin To Net: NetName=23 Pin=Q2-1
Added Pin To Net: NetName=21 Pin=Q3-1
Added Pin To Net: NetName=24 Pin=Q4-1
Added Pin To Net: NetName=11 Pin=Q5-1
Added Pin To Net: NetName=15 Pin=Q6-1
Added Pin To Net: NetName=13 Pin=Q7-1
Added Pin To Net: NetName=19 Pin=R1-1
Added Pin To Net: NetName=5V Pin=R1-2
Added Pin To Net: NetName=23 Pin=R3-1
Added Pin To Net: NetName=5V Pin=R3-2
Added Pin To Net: NetName=21 Pin=R5-1
Added Pin To Net: NetName=5V Pin=R5-2
Added Pin To Net: NetName=24 Pin=R7-1
Added Pin To Net: NetName=5V Pin=R7-2
Added Pin To Net: NetName=GND Pin=R10-1
Added Pin To Net: NetName=11 Pin=R13-1
Added Pin To Net: NetName=5V Pin=R13-2
Added Pin To Net: NetName=15 Pin=R16-1
Added Pin To Net: NetName=5V Pin=R16-2
Added Pin To Net: NetName=13 Pin=R18-1
Added Pin To Net: NetName=5V Pin=R18-2
Added Pin To Net: NetName=GND Pin=R22-1
Added Pin To Net: NetName=GND Pin=S2-2
Added Pin To Net: NetName=GND Pin=S2-3
Added Pin To Net: NetName=GND Pin=TG-5006CJ-2
Added Pin To Net: NetName=GND Pin=U1-30
Added Pin To Net: NetName=GND Pin=U2-2
Added Pin To Net: NetName=5V Pin=U2-4
Added Pin To Net: NetName=GND Pin=U2-5
Added Pin To Net: NetName=5V Pin=U2-6
Added Pin To Net: NetName=GND Pin=U3-1
Added Pin To Net: NetName=GND Pin=U3-6
Added Pin To Net: NetName=GND Pin=U3-8
Added Pin To Net: NetName=GND Pin=U3-9
Added Pin To Net: NetName=GND Pin=U3-11
Added Pin To Net: NetName=GND Pin=U3-12
Added Pin To Net: NetName=GND Pin=U3-15
Added Pin To Net: NetName=GND Pin=U3-19
Added Pin To Net: NetName=GND Pin=U3-21
Added Pin To Net: NetName=GND Pin=U3-22
Added Pin To Net: NetName=GND Pin=U3-27
Added Pin To Net: NetName=GND Pin=U3-28
Added Pin To Net: NetName=GND Pin=U3-29
Added Pin To Net: NetName=GND Pin=U4-1
Added Pin To Net: NetName=GND Pin=U4-3
Added Pin To Net: NetName=GND Pin=U4-4
Added Pin To Net: NetName=GND Pin=U4-6
Added Pin To Net: NetName=GND Pin=U4-7
Added Pin To Net: NetName=GND Pin=U4-8
Added Pin To Net: NetName=GND Pin=U5-1
Added Pin To Net: NetName=GND Pin=U6-1
Added Pin To Net: NetName=5V Pin=U6-3
Added Pin To Net: NetName=3V6 Pin=C32-1
Added Pin To Net: NetName=3V6 Pin=C33-1
Added Pin To Net: NetName=3V6 Pin=C34-1
Added Pin To Net: NetName=3V6 Pin=C35-2
Added Pin To Net: NetName=3V6 Pin=R20-1
Added Pin To Net: NetName=3V6 Pin=R21-2
Added Pin To Net: NetName=3V6 Pin=U3-23
Added Pin To Net: NetName=3V6 Pin=U3-24
Added Pin To Net: NetName=3V6 Pin=U3-26
Added Pin To Net: NetName=3V6 Pin=U6-2
Added Pin To Net: NetName=3V6 Pin=U6-4
Added Net: Name=3V6
Added Pin To Net: NetName=CSn Pin=P1-5
Added Pin To Net: NetName=CSn Pin=Q4-2
Added Pin To Net: NetName=CSn Pin=R8-1
Added Pin To Net: NetName=CSn Pin=U1-11
Added Net: Name=CSn
Added Pin To Net: NetName=GP0 Pin=Q5-2
Added Pin To Net: NetName=GP0 Pin=R14-1
Added Pin To Net: NetName=GP0 Pin=U1-10
Added Net: Name=GP0
Added Pin To Net: NetName=GP2 Pin=Q7-2
Added Pin To Net: NetName=GP2 Pin=R19-1
Added Pin To Net: NetName=GP2 Pin=U1-4
Added Pin To Net: NetName=GP2 Pin=U3-4
Added Net: Name=GP2
Added Pin To Net: NetName=GP3 Pin=Q6-2
Added Pin To Net: NetName=GP3 Pin=R17-1
Added Pin To Net: NetName=GP3 Pin=U1-3
Added Net: Name=GP3
Added Pin To Net: NetName=MISO Pin=P1-10
Added Pin To Net: NetName=MISO Pin=Q3-2
Added Pin To Net: NetName=MISO Pin=R6-1
Added Pin To Net: NetName=MISO Pin=U1-9
Added Net: Name=MISO
Added Pin To Net: NetName=MOSI Pin=P1-8
Added Pin To Net: NetName=MOSI Pin=Q1-2
Added Pin To Net: NetName=MOSI Pin=R2-1
Added Pin To Net: NetName=MOSI Pin=U1-7
Added Net: Name=MOSI
Added Pin To Net: NetName=NetC5_2 Pin=C5-2
Added Pin To Net: NetName=NetC5_2 Pin=U1-6
Added Net: Name=NetC5_2
Added Pin To Net: NetName=NetC10_1 Pin=C10-1
Added Pin To Net: NetName=NetC10_1 Pin=U1-26
Added Net: Name=NetC10_1
Added Pin To Net: NetName=NetC13_1 Pin=C13-1
Added Pin To Net: NetName=NetC13_1 Pin=U1-29
Added Net: Name=NetC13_1
Added Pin To Net: NetName=NetC15_1 Pin=C15-1
Added Pin To Net: NetName=NetC15_1 Pin=U1-32
Added Net: Name=NetC15_1
Added Pin To Net: NetName=NetC15_2 Pin=C15-2
Added Pin To Net: NetName=NetC15_2 Pin=TG-5006CJ-3
Added Net: Name=NetC15_2
Added Pin To Net: NetName=NetC16_1 Pin=C16-1
Added Pin To Net: NetName=NetC16_1 Pin=U1-24
Added Net: Name=NetC16_1
Added Pin To Net: NetName=NetC16_2 Pin=C16-2
Added Pin To Net: NetName=NetC16_2 Pin=U1-23
Added Net: Name=NetC16_2
Added Pin To Net: NetName=NetC18_2 Pin=C18-2
Added Pin To Net: NetName=NetC18_2 Pin=U1-21
Added Net: Name=NetC18_2
Added Pin To Net: NetName=NetC19_1 Pin=C19-1
Added Pin To Net: NetName=NetC19_1 Pin=L1-2
Added Pin To Net: NetName=NetC19_1 Pin=L2-2
Added Pin To Net: NetName=NetC19_1 Pin=U1-20
Added Net: Name=NetC19_1
Added Pin To Net: NetName=NetC20_1 Pin=C20-1
Added Pin To Net: NetName=NetC20_1 Pin=L2-1
Added Pin To Net: NetName=NetC20_1 Pin=L3-2
Added Pin To Net: NetName=NetC20_1 Pin=U1-19
Added Net: Name=NetC20_1
Added Pin To Net: NetName=NetC20_2 Pin=C20-2
Added Pin To Net: NetName=NetC20_2 Pin=L1-1
Added Pin To Net: NetName=NetC20_2 Pin=U3-18
Added Net: Name=NetC20_2
Added Pin To Net: NetName=NetC21_1 Pin=C21-1
Added Pin To Net: NetName=NetC21_1 Pin=C25-2
Added Pin To Net: NetName=NetC21_1 Pin=L5-1
Added Pin To Net: NetName=NetC21_1 Pin=L6-2
Added Net: Name=NetC21_1
Added Pin To Net: NetName=NetC21_2 Pin=C21-2
Added Pin To Net: NetName=NetC21_2 Pin=L6-1
Added Pin To Net: NetName=NetC21_2 Pin=U3-20
Added Net: Name=NetC21_2
Added Pin To Net: NetName=NetC22_1 Pin=C22-1
Added Pin To Net: NetName=NetC22_1 Pin=L7-2
Added Pin To Net: NetName=NetC22_1 Pin=U1-17
Added Net: Name=NetC22_1
Added Pin To Net: NetName=NetC22_2 Pin=C22-2
Added Pin To Net: NetName=NetC22_2 Pin=C24-1
Added Pin To Net: NetName=NetC22_2 Pin=L4-2
Added Net: Name=NetC22_2
Added Pin To Net: NetName=NetC23_1 Pin=C23-1
Added Pin To Net: NetName=NetC23_1 Pin=C24-2
Added Pin To Net: NetName=NetC23_1 Pin=L4-1
Added Pin To Net: NetName=NetC23_1 Pin=L5-2
Added Net: Name=NetC23_1
Added Pin To Net: NetName=NetC23_2 Pin=C23-2
Added Pin To Net: NetName=NetC23_2 Pin=U1-18
Added Net: Name=NetC23_2
Added Pin To Net: NetName=NetC26_2 Pin=C26-2
Added Pin To Net: NetName=NetC26_2 Pin=L7-1
Added Pin To Net: NetName=NetC26_2 Pin=R9-2
Added Net: Name=NetC26_2
Added Pin To Net: NetName=NetJ1_1 Pin=J1-1
Added Pin To Net: NetName=NetJ1_1 Pin=U3-7
Added Net: Name=NetJ1_1
Added Pin To Net: NetName=NetL8_1 Pin=L8-1
Added Pin To Net: NetName=NetL8_1 Pin=U3-10
Added Net: Name=NetL8_1
Added Pin To Net: NetName=NetL8_2 Pin=L8-2
Added Pin To Net: NetName=NetL8_2 Pin=U4-2
Added Net: Name=NetL8_2
Added Pin To Net: NetName=NetL9_1 Pin=L9-1
Added Pin To Net: NetName=NetL9_1 Pin=U4-5
Added Net: Name=NetL9_1
Added Pin To Net: NetName=NetL9_2 Pin=L9-2
Added Pin To Net: NetName=NetL9_2 Pin=U3-13
Added Net: Name=NetL9_2
Added Pin To Net: NetName=NetR10_2 Pin=R10-2
Added Pin To Net: NetName=NetR10_2 Pin=U1-14
Added Net: Name=NetR10_2
Added Pin To Net: NetName=NetR15_1 Pin=R15-1
Added Pin To Net: NetName=NetR15_1 Pin=U2-3
Added Net: Name=NetR15_1
Added Pin To Net: NetName=NetR20_2 Pin=R20-2
Added Pin To Net: NetName=NetR20_2 Pin=U3-3
Added Net: Name=NetR20_2
Added Pin To Net: NetName=RST_CC Pin=P1-7
Added Pin To Net: NetName=RST_CC Pin=R11-1
Added Pin To Net: NetName=RST_CC Pin=R12-2
Added Net: Name=RST_CC
Added Pin To Net: NetName=RSTn_37 Pin=C30-1
Added Pin To Net: NetName=RSTn_37 Pin=R12-1
Added Pin To Net: NetName=RSTn_37 Pin=S2-1
Added Pin To Net: NetName=RSTn_37 Pin=S2-4
Added Pin To Net: NetName=RSTn_37 Pin=U1-2
Added Pin To Net: NetName=RSTn_37 Pin=U5-2
Added Net: Name=RSTn_37
Added Pin To Net: NetName=SCK Pin=P1-6
Added Pin To Net: NetName=SCK Pin=Q2-2
Added Pin To Net: NetName=SCK Pin=R4-1
Added Pin To Net: NetName=SCK Pin=U1-8
Added Net: Name=SCK
Added Pin To Net: NetName=VAPC Pin=C36-2
Added Pin To Net: NetName=VAPC Pin=R21-1
Added Pin To Net: NetName=VAPC Pin=R22-2
Added Pin To Net: NetName=VAPC Pin=U3-5
Added Net: Name=VAPC
Added Pin To Net: NetName=VTG Pin=C2-1
Added Pin To Net: NetName=VTG Pin=C3-2
Added Pin To Net: NetName=VTG Pin=C4-2
Added Pin To Net: NetName=VTG Pin=C6-1
Added Pin To Net: NetName=VTG Pin=C7-1
Added Pin To Net: NetName=VTG Pin=C8-1
Added Pin To Net: NetName=VTG Pin=C9-2
Added Pin To Net: NetName=VTG Pin=C11-1
Added Pin To Net: NetName=VTG Pin=C12-2
Added Pin To Net: NetName=VTG Pin=C14-1
Added Pin To Net: NetName=VTG Pin=C17-2
Added Pin To Net: NetName=VTG Pin=C26-1
Added Pin To Net: NetName=VTG Pin=C27-1
Added Pin To Net: NetName=VTG Pin=C28-2
Added Pin To Net: NetName=VTG Pin=C29-2
Added Pin To Net: NetName=VTG Pin=P1-2
Added Pin To Net: NetName=VTG Pin=Q1-3
Added Pin To Net: NetName=VTG Pin=Q2-3
Added Pin To Net: NetName=VTG Pin=Q3-3
Added Pin To Net: NetName=VTG Pin=Q4-3
Added Pin To Net: NetName=VTG Pin=Q5-3
Added Pin To Net: NetName=VTG Pin=Q6-3
Added Pin To Net: NetName=VTG Pin=Q7-3
Added Pin To Net: NetName=VTG Pin=R2-2
Added Pin To Net: NetName=VTG Pin=R4-2
Added Pin To Net: NetName=VTG Pin=R6-2
Added Pin To Net: NetName=VTG Pin=R8-2
Added Pin To Net: NetName=VTG Pin=R9-1
Added Pin To Net: NetName=VTG Pin=R11-2
Added Pin To Net: NetName=VTG Pin=R14-2
Added Pin To Net: NetName=VTG Pin=R15-2
Added Pin To Net: NetName=VTG Pin=R17-2
Added Pin To Net: NetName=VTG Pin=R19-2
Added Pin To Net: NetName=VTG Pin=TG-5006CJ-4
Added Pin To Net: NetName=VTG Pin=U1-1
Added Pin To Net: NetName=VTG Pin=U1-5
Added Pin To Net: NetName=VTG Pin=U1-12
Added Pin To Net: NetName=VTG Pin=U1-13
Added Pin To Net: NetName=VTG Pin=U1-15
Added Pin To Net: NetName=VTG Pin=U1-22
Added Pin To Net: NetName=VTG Pin=U1-25
Added Pin To Net: NetName=VTG Pin=U1-27
Added Pin To Net: NetName=VTG Pin=U1-28
Added Pin To Net: NetName=VTG Pin=U2-1
Added Pin To Net: NetName=VTG Pin=U3-17
Added Pin To Net: NetName=VTG Pin=U5-3
Added Net: Name=VTG
Added Class: Name=Radio
