Change Component Designator: OldDesignator=InLand_Header NewDesignator=GSM_Header
Change Component Designator: OldDesignator=Shoreline_Header NewDesignator=Pi_Header
Added Component: Designator=GPS_Header(HDR2X20)
Add component. Clean all parameters for all variants
Add component (AddParameter): Name = "LatestRevisionDate"; Value = "17-Jul-2002"; VariantName = "[No Variations]"
Add component (AddParameter): Name = "LatestRevisionNote"; Value = "Re-released for DXP Platform."; VariantName = "[No Variations]"
Add component (AddParameter): Name = "Publisher"; Value = "Altium Limited"; VariantName = "[No Variations]"
Added Pin To Net: NetName=3V3 Pin=GPS_Header-1
Added Pin To Net: NetName=5V Pin=GPS_Header-2
Added Pin To Net: NetName=3 Pin=GPS_Header-3
Added Pin To Net: NetName=5V Pin=GPS_Header-4
Added Pin To Net: NetName=5 Pin=GPS_Header-5
Added Pin To Net: NetName=GND Pin=GPS_Header-6
Added Pin To Net: NetName=7 Pin=GPS_Header-7
Added Pin To Net: NetName=8 Pin=GPS_Header-8
Added Pin To Net: NetName=GND Pin=GPS_Header-9
Added Pin To Net: NetName=10 Pin=GPS_Header-10
Added Pin To Net: NetName=11 Pin=GPS_Header-11
Added Pin To Net: NetName=12 Pin=GPS_Header-12
Added Pin To Net: NetName=13 Pin=GPS_Header-13
Added Pin To Net: NetName=GND Pin=GPS_Header-14
Added Pin To Net: NetName=15 Pin=GPS_Header-15
Added Pin To Net: NetName=16 Pin=GPS_Header-16
Added Pin To Net: NetName=3V3 Pin=GPS_Header-17
Added Pin To Net: NetName=18 Pin=GPS_Header-18
Added Pin To Net: NetName=19 Pin=GPS_Header-19
Added Pin To Net: NetName=GND Pin=GPS_Header-20
Added Pin To Net: NetName=21 Pin=GPS_Header-21
Added Pin To Net: NetName=22 Pin=GPS_Header-22
Added Pin To Net: NetName=23 Pin=GPS_Header-23
Added Pin To Net: NetName=24 Pin=GPS_Header-24
Added Pin To Net: NetName=GND Pin=GPS_Header-25
Added Pin To Net: NetName=26 Pin=GPS_Header-26
Added Pin To Net: NetName=27 Pin=GPS_Header-27
Added Pin To Net: NetName=28 Pin=GPS_Header-28
Added Pin To Net: NetName=29 Pin=GPS_Header-29
Added Pin To Net: NetName=GND Pin=GPS_Header-30
Added Pin To Net: NetName=31 Pin=GPS_Header-31
Added Pin To Net: NetName=32 Pin=GPS_Header-32
Added Pin To Net: NetName=33 Pin=GPS_Header-33
Added Pin To Net: NetName=GND Pin=GPS_Header-34
Added Pin To Net: NetName=35 Pin=GPS_Header-35
Added Pin To Net: NetName=36 Pin=GPS_Header-36
Added Pin To Net: NetName=37 Pin=GPS_Header-37
Added Pin To Net: NetName=38 Pin=GPS_Header-38
Added Pin To Net: NetName=GND Pin=GPS_Header-39
Added Pin To Net: NetName=40 Pin=GPS_Header-40
Added Class: Name=RasPi_Hat_Temp
Added Room: Name=RasPi_Hat_Temp
