Removed Pin From Net: NetName=3V3 Pin=InLand_Header-1
Removed Pin From Net: NetName=5V Pin=InLand_Header-2
Removed Pin From Net: NetName=3 Pin=InLand_Header-3
Removed Pin From Net: NetName=5V Pin=InLand_Header-4
Removed Pin From Net: NetName=5 Pin=InLand_Header-5
Removed Pin From Net: NetName=GND Pin=InLand_Header-6
Removed Pin From Net: NetName=7 Pin=InLand_Header-7
Removed Pin From Net: NetName=8 Pin=InLand_Header-8
Removed Pin From Net: NetName=GND Pin=InLand_Header-9
Removed Pin From Net: NetName=10 Pin=InLand_Header-10
Removed Pin From Net: NetName=11 Pin=InLand_Header-11
Removed Pin From Net: NetName=12 Pin=InLand_Header-12
Removed Pin From Net: NetName=13 Pin=InLand_Header-13
Removed Pin From Net: NetName=GND Pin=InLand_Header-14
Removed Pin From Net: NetName=15 Pin=InLand_Header-15
Removed Pin From Net: NetName=16 Pin=InLand_Header-16
Removed Pin From Net: NetName=3V3 Pin=InLand_Header-17
Removed Pin From Net: NetName=18 Pin=InLand_Header-18
Removed Pin From Net: NetName=19 Pin=InLand_Header-19
Removed Pin From Net: NetName=GND Pin=InLand_Header-20
Removed Pin From Net: NetName=21 Pin=InLand_Header-21
Removed Pin From Net: NetName=22 Pin=InLand_Header-22
Removed Pin From Net: NetName=23 Pin=InLand_Header-23
Removed Pin From Net: NetName=24 Pin=InLand_Header-24
Removed Pin From Net: NetName=GND Pin=InLand_Header-25
Removed Pin From Net: NetName=26 Pin=InLand_Header-26
Removed Pin From Net: NetName=27 Pin=InLand_Header-27
Removed Pin From Net: NetName=28 Pin=InLand_Header-28
Removed Pin From Net: NetName=29 Pin=InLand_Header-29
Removed Pin From Net: NetName=GND Pin=InLand_Header-30
Removed Pin From Net: NetName=31 Pin=InLand_Header-31
Removed Pin From Net: NetName=32 Pin=InLand_Header-32
Removed Pin From Net: NetName=33 Pin=InLand_Header-33
Removed Pin From Net: NetName=GND Pin=InLand_Header-34
Removed Pin From Net: NetName=35 Pin=InLand_Header-35
Removed Pin From Net: NetName=36 Pin=InLand_Header-36
Removed Pin From Net: NetName=37 Pin=InLand_Header-37
Removed Pin From Net: NetName=38 Pin=InLand_Header-38
Removed Pin From Net: NetName=GND Pin=InLand_Header-39
Removed Pin From Net: NetName=40 Pin=InLand_Header-40
Added Class: Name=RasPi_Hat_Temp
Added Room: Name=RasPi_Hat_Temp
